#0 building with "default" instance using docker driver

#1 [mariadb internal] load build definition from Dockerfile
#1 transferring dockerfile: 32B done
#1 DONE 0.0s

#2 [mariadb internal] load .dockerignore
#2 transferring context: 32B done
#2 DONE 0.0s

#3 [mariadb internal] load metadata for docker.io/library/debian:bullseye
#3 DONE 0.8s

#3 [mariadb internal] load metadata for docker.io/library/debian:bullseye
#3 DONE 0.8s

#4 [mariadb builder 1/7] FROM docker.io/library/debian:bullseye@sha256:e5bfb7364038fd100c2faebdd674145bd1bc758a57f3c67023cced99d0eff0f7
#4 DONE 0.0s

#5 [mariadb internal] load build context
#5 transferring context: 202B done
#5 DONE 0.0s

#6 [mariadb builder 7/7] RUN --mount=type=secret,id=db_root_pass     --mount=type=secret,id=db_user_pass     echo "Running init_mariadb.sh script" &&     chmod +x /usr/bin/init_mariadb.sh &&     /usr/bin/init_mariadb.sh
#6 CACHED

#7 [mariadb builder 3/7] COPY ./tools/init.sql /init.sql.template
#7 CACHED

#8 [mariadb stage-1 4/6] COPY --from=builder /etc/mysql/mariadb.conf.d/config.cnf /etc/mysql/mariadb.conf.d/config.cnf
#8 CACHED

#9 [mariadb stage-1 2/6] RUN apt-get update -qq &&     apt-get install -y -qq --no-install-recommends sudo openssl     ca-certificates passwd curl libaio1 libpam0g netcat &&     curl -L -sS https://downloads.mariadb.com/MariaDB/mariadb_repo_setup -o mariadb_repo_setup &&     chmod +x mariadb_repo_setup &&     ./mariadb_repo_setup --mariadb-server-version=10.5 &&     apt-get update && apt-get install -y mariadb-server mariadb-client &&     rm -rf /var/lib/apt/lists/* &&     mkdir -p /var/lib/mysql /run/mysqld /var/log/mysql
#9 CACHED

#10 [mariadb stage-1 5/6] COPY --from=builder /usr/local/bin/pass_request.sh /usr/local/bin/pass_request.sh
#10 CACHED

#11 [mariadb stage-1 3/6] COPY --from=builder /var/lib/mysql /var/lib/mysql
#11 CACHED

#12 [mariadb builder 2/7] RUN apt-get update -qq &&     apt-get install -y -qq --no-install-recommends sudo openssl     ca-certificates passwd gettext-base curl libaio1 libpam0g &&     curl -L -sS https://downloads.mariadb.com/MariaDB/mariadb_repo_setup -o mariadb_repo_setup &&     chmod +x mariadb_repo_setup &&     ./mariadb_repo_setup --mariadb-server-version=10.5 &&     apt-get update && apt-get install -y mariadb-server &&     rm -rf /var/lib/apt/lists/*
#12 CACHED

#13 [mariadb builder 6/7] COPY ./tools/pass_request.sh /usr/local/bin/pass_request.sh
#13 CACHED

#14 [mariadb builder 4/7] COPY ./tools/init_mariadb.sh /usr/bin/init_mariadb.sh
#14 CACHED

#15 [mariadb builder 5/7] COPY ./conf/config.cnf /etc/mysql/mariadb.conf.d/config.cnf
#15 CACHED

#16 [mariadb stage-1 6/6] RUN chmod +x /usr/local/bin/pass_request.sh && echo 'source /usr/local/bin/pass_request.sh' >> /etc/bash.bashrc && chown -R mysql:mysql /var/lib/mysql /run/mysqld /var/log/mysql
#16 CACHED

#17 [mariadb] exporting to image
#17 exporting layers done
#17 writing image sha256:21369ba717619f8d666edd7e3595c577ab2f4f9b68bbaa076d0bde9b1e05ed2c done
#17 naming to docker.io/library/srcs-mariadb done
#17 DONE 0.0s
time="2025-01-19T18:25:53+01:00" level=warning msg="current commit information was not captured by the build" error="failed to get git commit: error: object file .git/objects/86/975cab1c4e04c46226d8e4cd91822c0f472d93 is empty\nerror: object file .git/objects/86/975cab1c4e04c46226d8e4cd91822c0f472d93 is empty\nerror: object file .git/objects/86/975cab1c4e04c46226d8e4cd91822c0f472d93 is empty\nfatal: loose object 86975cab1c4e04c46226d8e4cd91822c0f472d93 (stored in .git/objects/86/975cab1c4e04c46226d8e4cd91822c0f472d93) is corrupt"
 mariadb  Built
